

    ******************************************************************
    ***********  DALTON - An electronic structure program  ***********
    ******************************************************************

    This is output from DALTON (Release 2.0 rev. 0, Mar. 2005)

    Celestino Angeli,         University of Ferrara,        Italy      
    Keld L. Bak,              UNI-C,                        Denmark    
    Vebjoern Bakken,          University of Oslo,           Norway     
    Ove Christiansen,         Aarhus University,            Denmark    
    Renzo Cimiraglia,         University of Ferrara,        Italy      
    Sonia Coriani,            University of Trieste,        Italy      
    Paal Dahle,               University of Oslo,           Norway     
    Erik K. Dalskov,          UNI-C,                        Denmark    
    Thomas Enevoldsen,        SDU - Odense University,      Denmark    
    Berta Fernandez,          U. of Santiago de Compostela, Spain      
    Christof Haettig,         Forschungszentrum Karlsruhe,  Germany    
    Kasper Hald,              Aarhus University,            Denmark    
    Asger Halkier,            Aarhus University,            Denmark    
    Hanne Heiberg,            University of Oslo,           Norway     
    Trygve Helgaker,          University of Oslo,           Norway     
    Hinne Hettema,            University of Auckland,       New Zealand
    Hans Joergen Aa. Jensen,  Univ. of Southern Denmark,    Denmark    
    Dan Jonsson,              KTH Stockholm,                Sweden     
    Poul Joergensen,          Aarhus University,            Denmark    
    Sheela Kirpekar,          SDU - Odense University,      Denmark    
    Wim Klopper,              University of Karlsruhe,      Germany    
    Rika Kobayashi,           ANU Supercomputer Facility,   Australia  
    Jakob Kongsted,           Aarhus University,            Denmark    
    Henrik Koch,              University of Trondheim,      Norway     
    Andrea Ligabue,           University of Modena,         Italy      
    Ola B. Lutnaes,           University of Oslo,           Norway     
    Kurt V. Mikkelsen,        University of Copenhagen,     Denmark    
    Patrick Norman,           University of Linkoeping,     Sweden     
    Jeppe Olsen,              Aarhus University,            Denmark    
    Anders Osted,             Copenhagen University,        Denmark    
    Martin J. Packer,         University of Sheffield,      UK         
    Thomas B. Pedersen,       University of Lund,           Sweden     
    Zilvinas Rinkevicius,     KTH Stockholm,                Sweden     
    Elias Rudberg,            KTH Stockholm,                Sweden     
    Torgeir A. Ruden,         University of Oslo,           Norway     
    Kenneth Ruud,             University of Tromsoe,        Norway     
    Pawel Salek,              KTH Stockholm,                Sweden     
    Alfredo Sanchez de Meras, University of Valencia,       Spain      
    Trond Saue,               University of Strasbourg,     France     
    Stephan P. A. Sauer,      University of Copenhagen,     Denmark    
    Bernd Schimmelpfennig,    Forschungszentrum Karlsruhe,  Germany     
    K. O. Sylvester-Hvid,     University of Copenhagen,     Denmark    
    Peter R. Taylor,          University of Warwick,        UK         
    Olav Vahtras,             KTH Stockholm,                Sweden     
    David J. Wilson,          University of Oslo,           Norway     
    Hans Agren,               KTH Stockholm,                Sweden     

 ---------------------------------------------------------------------

     NOTE:
      
     This is an experimental code for the evaluation of molecular
     properties using (MC)SCF and CC wave functions. The authors
     accept no responsibility for the performance of the code or
     for the correctness of the results.
      
     The code (in whole or part) is provided under a licence and
     is not to be reproduced for further distribution without
     the written permission of the authors or their representatives.
      
     See the home page "http://www.kjemi.uio.no/software/dalton"
     for further information.
      
     If results obtained with this code are published,
     an appropriate citation would be:
      
     "Dalton, a molecular electronic structure program, Release 2.0
     (2005), see http://www.kjemi.uio.no/software/dalton/dalton.html"

     Date and time (Linux)  : Wed Nov 14 14:20:09 2012
     Host name              : newton                                  

 <<<<<<<<<< OUTPUT FROM GENERAL INPUT PROCESSING >>>>>>>>>>


 Default print level:        0

    Integral sections will be executed
    "Old" integral transformation used (limited to max 255 basis functions)
    Wave function sections will be executed

Starting in Integral Section -



 *************************************************************************
 ****************** Output from HERMIT input processing ******************
 *************************************************************************



 *************************************************************************
 ****************** Output from READIN input processing ******************
 *************************************************************************



  Title Cards
  -----------

                                                                          
                                                                          
  Used basis set file for basis set for elements with Z =   1 :
     "/home/gull/pandzur/Dalton_2.1_fci_dmet_n/dalton/basis/STO-3G"


                      SYMGRP:Point group information
                      ------------------------------

Point group: C1 

   * Character table

        |  E 
   -----+-----
    A   |   1

   * Direct product table

        | A  
   -----+-----
    A   | A  


                             Isotopic Masses
                             ---------------

                           H1          1.007825
                           H2          1.007825

                       Total mass:     2.015650 amu
                       Natural abundance:  99.970 %

 Center-of-mass coordinates (A):    0.000000    0.000000    0.000000


  Atoms and basis sets
  --------------------

  Number of atom types:     1
  Total number of atoms:    2

  Basis set used is "STO-3G" from the basis set library.

  label    atoms   charge   prim   cont     basis
  ----------------------------------------------------------------------
  H2          2    1.0000     3     1      [3s|1s]                                            
  ----------------------------------------------------------------------
  total:      2    2.0000     6     2
  ----------------------------------------------------------------------

  Threshold for integrals:  1.00D-15


  Cartesian Coordinates (a.u.)
  ----------------------------

  Total number of coordinates:    6
  H1      :    1  x   0.0000000000   2  y   2.6000000000   3  z   0.0000000000
  H2      :    4  x   0.0000000000   5  y  -2.6000000000   6  z   0.0000000000


   Interatomic separations (in Angstroms):
   ---------------------------------------

            H1          H2    
            ------      ------
 H1    :    0.000000
 H2    :    2.751721    0.000000


  Max interatomic separation is    2.7517 Angstroms
  between atoms "H2    " and "H1    ".


  Bond distances (angstroms):
  ---------------------------

                  atom 1     atom 2       distance
                  ------     ------       --------




 Principal moments of inertia (u*A**2) and principal axes
 --------------------------------------------------------

   IA       0.000000          0.000000    1.000000    0.000000
   IB       3.815611          1.000000    0.000000    0.000000
   IC       3.815611          0.000000    0.000000    1.000000


 Rotational constants
 --------------------

 The molecule is linear.

               B =       132450.35 MHz     (    4.418068 cm-1)


  Nuclear repulsion energy :    0.192307692308


 ************************************************************************
 ************************** Output from HERINT **************************
 ************************************************************************



                        **************************
                        *** Output from WRTUND ***
                        **************************


 Overlap matrix
 ********                OVERLAP 


 ICOUNT, NBUF      3    1 NNBAST, NNBASX       3       3
     1    1    1           0.100000000000D+01
     2    2    1           0.304143377025D-01
     3    2    2           0.100000000000D+01

     3 atomic overlap integrals written in   1 buffers.
 Percentage non-zero integrals:  75.00

 One-el. Ham. matrix
 ********                ONEHAMIL


 ICOUNT, NBUF      3    1 NNBAST, NNBASX       3       3
     1    1    1          -0.658888815632D+00
     2    2    1          -0.346045597662D-01
     3    2    2          -0.658888815632D+00

     3 one-el. Hamil. integrals written in   1 buffers.
 Percentage non-zero integrals:  75.00

 Kin. energy matrix
 ********                KINETINT


 ICOUNT, NBUF      3    1 NNBAST, NNBASX       3       3
     1    1    1           0.760031857654D+00
     2    2    1          -0.878067521824D-02
     3    2    2           0.760031857654D+00

     3 kinetic energy integrals written in   1 buffers.
 Percentage non-zero integrals:  75.00

 Calculation of overlap and Huckel matrices for Huckel.


 Integral type:   -1  HUCKEL 
 TRASPH:    F
 SQUARE:    F
 SOLVNT:    F

 PCM:    F
 Number of operator components:    2
 Molecule label: HUCKOVLP
 Symmetry:    0
 Molecule label: HUCKEL  
 Symmetry:    0
 <<<<<<<<<< OUTPUT FROM PR1DRV >>>>>>>>>> 

 NBAST      4
 NELMNT    10
 INTTYP    -1
 NOPTYP     2
 ANTI       F
 SQUARE     F
 INTREP     0    0
 LABINT  HUCKOVLP HUCKEL  
 ORIGIN         0.0000000000        0.0000000000        0.0000000000
 GAUGE          0.0000000000        0.0000000000        0.0000000000
 DIPOLE         0.0000000000        0.0000000000        0.0000000000
 CAVITY         0.0000000000        0.0000000000        0.0000000000
 JMAXD      0
 JMAXM      0


  ***************************************
  ********** ISHELA/B =  1,  1 **********
  ***************************************



  ***************************************
  ******** Symmetry operation  0 ********
  ***************************************



  ***************************************
  ********** ISHELA/B =  2,  1 **********
  ***************************************



  ***************************************
  ******** Symmetry operation  0 ********
  ***************************************



  ***************************************
  ********** ISHELA/B =  2,  2 **********
  ***************************************



  ***************************************
  ******** Symmetry operation  0 ********
  ***************************************



  ***************************************
  ********** ISHELA/B =  3,  1 **********
  ***************************************



  ***************************************
  ******** Symmetry operation  0 ********
  ***************************************



  ***************************************
  ********** ISHELA/B =  3,  2 **********
  ***************************************



  ***************************************
  ******** Symmetry operation  0 ********
  ***************************************



  ***************************************
  ********** ISHELA/B =  3,  3 **********
  ***************************************



  ***************************************
  ******** Symmetry operation  0 ********
  ***************************************



  ***************************************
  ********** ISHELA/B =  4,  1 **********
  ***************************************



  ***************************************
  ******** Symmetry operation  0 ********
  ***************************************



  ***************************************
  ********** ISHELA/B =  4,  2 **********
  ***************************************



  ***************************************
  ******** Symmetry operation  0 ********
  ***************************************



  ***************************************
  ********** ISHELA/B =  4,  3 **********
  ***************************************



  ***************************************
  ******** Symmetry operation  0 ********
  ***************************************



  ***************************************
  ********** ISHELA/B =  4,  4 **********
  ***************************************



  ***************************************
  ******** Symmetry operation  0 ********
  ***************************************



                    +---------------------------------+
                    ! Integrals of operator: HUCKOVLP !
                    +---------------------------------+

 Symmetry of operator:  A  ( 1)

               Column   1     Column   2     Column   3     Column   4
       1       1.00000000
       2       0.03041434     1.00000000
       3       0.99165347     0.04911356     1.00000000
       4       0.04911356     0.99165347     0.07246768     1.00000000


                    +---------------------------------+
                    ! Integrals of operator: HUCKEL   !
                    +---------------------------------+

 Symmetry of operator:  A  ( 1)

               Column   1     Column   2     Column   3     Column   4
       1       1.00000000
       2       0.03041434     1.00000000
       3       0.99165347     0.04911356    -0.50000000
       4       0.04911356     0.99165347     0.00000000    -0.50000000
  Integral buffer #    1 has been written.

           ##*      1   1   1   1       7.74605931D-01
           ##*      2   1   1   1       1.16762523D-02
           ##*      2   1   2   1       4.35061599D-04
           ##*      2   2   1   1       1.92275693D-01
           ##*      2   2   2   1       1.16762523D-02
           ##*      2   2   2   2       7.74605931D-01

 Number of two-electron integrals written:           6 (100.0% )
 Megabytes written:                              0.007


 >>>> Total CPU  time used in HERMIT:   0.01 seconds
 >>>> Total wall time used in HERMIT:   0.00 seconds

- End of Integral Section


Starting in Wave Function Section -


 *** Output from Huckel module :

     Using EWMO model:          T
     Using EHT  model:          F
     Number of Huckel orbitals each symmetry:    2

 EWMO - Energy Weighted Maximum Overlap - is a Huckel type method,
        which normally is better than Extended Huckel Theory.
 Reference: Linderberg and Ohrn, Propagators in Quantum Chemistry (Wiley, 1973)
 I am printing crazy stuff

 Huckel EWMO eigenvalues for symmetry :  1
           -0.536234      -0.463766

 Huckel EWMO eigenvectors for symmetry :  1

              Column   1    Column   2
       1      0.68279903   -0.73421031
       2      0.68279903    0.73421031
 **********************************************************************
 *SIRIUS* a direct, restricted step, second order MCSCF program       *
 **********************************************************************

 
     Date and time (Linux)  : Wed Nov 14 14:20:09 2012
     Host name              : newton                                  

 Title lines from integral program:
                                                                             
                                                                             

 Print level on unit LUPRI =   2 is   0
 Print level on unit LUW4  =   2 is   5

     Restricted, closed shell Hartree-Fock calculation.


 Initial molecular orbitals are obtained according to
 ".MOSTART EWMO  " input option.

     Wave function specification
     ============================
     Number of closed shell electrons          2
     Number of electrons in active shells      0
     Total charge of the molecule              0

     Number of active orbitals                 0
     Total number of orbitals                  2

     Spin multiplicity                         1
     Total number of symmetries                1
     Reference state symmetry                  1

     Orbital specifications
     ======================
     Abelian symmetry species           1
                                       --
     Occupied SCF orbitals              1
     Secondary orbitals                 1
     Total number of orbitals           2
     Number of basis functions          2

     Optimization information
     ========================
     Number of configurations              1
     Number of orbital rotations           1
     ---------------------------------------
     Total number of variables             2

     Maximum number of Fock   iterations      0
     Maximum number of DIIS   iterations     60
     Maximum number of QC-SCF iterations     60
     Threshold for SCF convergence     1.00D-06


 >>>>> DIIS optimization of Hartree-Fock <<<<<

 C1-DIIS algorithm; max error vectors =    2

 Iter      Total energy        Error norm    Delta(E)  DIIS dim.
 ---------------------------------------------------------------

 Precalculated two-electron integrals are transformed to P-supermatrix elements.
 Threshold for discarding integrals :  1.00D-15
    1       -0.676012945436    2.22045D-15   -6.76D-01    1
 DIIS converged in   1 iterations !


 *** SCF orbital energy analysis ***

 Only the five lowest virtual orbital energies printed in each symmetry.

 Number of electrons :    2
 Orbital occupations :    1

 Hartree-Fock orbital energies, symmetry 1

        -0.19529684     0.03160417

    E(LUMO) :     0.03160417 au (symmetry 1)
  - E(HOMO) :    -0.19529684 au (symmetry 1)
  ------------------------------------------
    gap     :     0.22690100 au


                    >>> FINAL RESULTS FROM SIRIUS <<<

     Spin multiplicity:           1
     Spatial symmetry:            1
     Total charge of molecule:    0

     Final HF energy:              -0.676012945436
     Nuclear repulsion:             0.192307692308
     Electronic energy:            -0.868320637744

     Final gradient norm:           0.000000000000

 
     Date and time (Linux)  : Wed Nov 14 14:20:09 2012
     Host name              : newton                                  


                      SO to AO transformation matrix
                      ------------------------------


              Column   1    Column   2
       1      1.00000000    0.00000000
       2      0.00000000    1.00000000

     Molecular orbitals for symmetry species   1

 Orbital           1        2
   1 H1  :1s     0.6966  -0.7181
   2 H2  :1s     0.6966   0.7181

 "NEWORB " orbitals punched.




 >>>> Total CPU  time used in SIRIUS :      0.00 seconds
 >>>> Total wall time used in SIRIUS :      0.00 seconds

 
     Date and time (Linux)  : Wed Nov 14 14:20:09 2012
     Host name              : newton                                  

- End of Wave Function Section

 >>>> Total CPU  time used in DALTON:   0.02 seconds
 >>>> Total wall time used in DALTON:   0.00 seconds

 
     Date and time (Linux)  : Wed Nov 14 14:20:09 2012
     Host name              : newton                                  
